<?xml version="1.0" encoding="UTF-8"?>
<!-- Generated by org.testng.reporters.JUnitReportReporter -->
<testsuite hostname="Senzy-PC" name="week4.EditLead_Se_TNG" tests="1" failures="0" timestamp="4 Jan 2018 18:11:47 GMT" time="22.389" errors="0">
  <testcase name="EditLeadsProject" time="22.389" classname="week4.EditLead_Se_TNG"/>
</testsuite> <!-- week4.EditLead_Se_TNG -->
