<?xml version="1.0" encoding="UTF-8"?>
<!-- Generated by org.testng.reporters.JUnitReportReporter -->
<testsuite hostname="Senzy-PC" name="week5.CreateLead_Se_TNG_small" tests="2" failures="0" timestamp="6 Jan 2018 05:42:06 GMT" time="50.822" errors="0">
  <testcase name="createLeadTC" time="23.884" classname="week5.CreateLead_Se_TNG_small"/>
  <testcase name="createLeadTC" time="26.938" classname="week5.CreateLead_Se_TNG_small"/>
</testsuite> <!-- week5.CreateLead_Se_TNG_small -->
