<?xml version="1.0" encoding="UTF-8"?>
<!-- Generated by org.testng.reporters.JUnitReportReporter -->
<testsuite hostname="Senzy-PC" name="week4.LearnAnnotations" tests="1" failures="0" timestamp="30 Dec 2017 16:25:06 GMT" time="0.012" errors="0">
  <testcase name="test" time="0.012" classname="week4.LearnAnnotations"/>
</testsuite> <!-- week4.LearnAnnotations -->
