<?xml version="1.0" encoding="UTF-8"?>
<!-- Generated by org.testng.reporters.JUnitReportReporter -->
<testsuite hostname="Senzy-PC" name="week4.CreateLead_Se_TNG" tests="2" failures="0" timestamp="4 Jan 2018 18:11:47 GMT" time="69.540" errors="0">
  <testcase name="createLeadTC" time="35.583" classname="week4.CreateLead_Se_TNG"/>
  <testcase name="createLeadTC" time="33.957" classname="week4.CreateLead_Se_TNG"/>
</testsuite> <!-- week4.CreateLead_Se_TNG -->
