<?xml version="1.0" encoding="UTF-8"?>
<!-- Generated by org.testng.reporters.JUnitReportReporter -->
<testsuite hostname="Senzy-PC" name="week5.LearnExtentReports" tests="1" failures="0" timestamp="6 Jan 2018 07:43:44 GMT" time="1.148" errors="0">
  <testcase name="learnReporting" time="1.148" classname="week5.LearnExtentReports"/>
</testsuite> <!-- week5.LearnExtentReports -->
