<?xml version="1.0" encoding="UTF-8"?>
<!-- Generated by org.testng.reporters.JUnitReportReporter -->
<testsuite hostname="Senzy-PC" name="week4.MergeLead_Se_TNG" tests="1" failures="0" timestamp="4 Jan 2018 17:12:14 GMT" time="37.793" errors="0">
  <testcase name="MergeLead" time="37.793" classname="week4.MergeLead_Se_TNG"/>
</testsuite> <!-- week4.MergeLead_Se_TNG -->
