<?xml version="1.0" encoding="UTF-8"?>
<!-- Generated by org.testng.reporters.JUnitReportReporter -->
<testsuite hostname="Senzy-PC" name="week4.DeleteLead_Se_TNG" tests="1" failures="0" timestamp="4 Jan 2018 17:12:14 GMT" time="34.560" errors="0">
  <testcase name="deleteLead" time="34.560" classname="week4.DeleteLead_Se_TNG"/>
</testsuite> <!-- week4.DeleteLead_Se_TNG -->
