<?xml version="1.0" encoding="UTF-8"?>
<!-- Generated by org.testng.reporters.JUnitReportReporter -->
<testsuite hostname="Senzy-PC" name="week5.LearnExcel" tests="1" failures="0" timestamp="2 Jul 2018 20:33:08 GMT" time="1.997" errors="0">
  <testcase name="readExcel" time="1.997" classname="week5.LearnExcel"/>
</testsuite> <!-- week5.LearnExcel -->
